<?xml version="1.0" encoding="UTF-8"?>
<!-- Generated by org.testng.reporters.JUnitReportReporter -->
<testsuite skipped="0" hostname="AYAN" name="SeleniumTest.TestNG_Demo" tests="1" failures="0" timestamp="2020-05-05T00:50:57 IST" time="12.912" errors="0">
  <testcase name="googleSearch" time="12.912" classname="SeleniumTest.TestNG_Demo"/>
  <system-out/>
</testsuite> <!-- SeleniumTest.TestNG_Demo -->
