<?xml version="1.0" encoding="UTF-8"?>
<!-- Generated by org.testng.reporters.JUnitReportReporter -->
<testsuite skipped="0" hostname="AYAN" name="SeleniumTest.ExtentReportsDemoWithTestNG" tests="3" failures="0" timestamp="2020-05-08T01:53:18 IST" time="24.789" errors="0">
  <testcase name="test1" time="0.026" classname="SeleniumTest.ExtentReportsDemoWithTestNG"/>
  <system-out/>
  <testcase name="test2" time="0.005" classname="SeleniumTest.ExtentReportsDemoWithTestNG"/>
  <system-out/>
  <testcase name="testExtentReportWithTestNG" time="24.758" classname="SeleniumTest.ExtentReportsDemoWithTestNG"/>
  <system-out/>
</testsuite> <!-- SeleniumTest.ExtentReportsDemoWithTestNG -->
